3ts2ksMwXvKRuG480KNifJ2_JNM.js Failed to load resource: the server responded with a status of 404 (Not Found)
jquery-migrate-1.2.1.js:1 JQMIGRATE: Logging is active
jquery.rd-navbar.js Failed to load resource: the server responded with a status of 404 (Not Found)
jquery.cookie.js Failed to load resource: the server responded with a status of 404 (Not Found)
jquery.easing.1.3.js Failed to load resource: the server responded with a status of 404 (Not Found)
jquery.form.min.js Failed to load resource: the server responded with a status of 404 (Not Found)
tmstickup.js Failed to load resource: the server responded with a status of 404 (Not Found)
jquery.ui.totop.js Failed to load resource: the server responded with a status of 404 (Not Found)
jquery.rd-mailform.min.js Failed to load resource: the server responded with a status of 404 (Not Found)
superfish.js Failed to load resource: the server responded with a status of 404 (Not Found)
jquery.mobile.customized.min.js Failed to load resource: the server responded with a status of 404 (Not Found)
wow.js Failed to load resource: the server responded with a status of 404 (Not Found)
jquery.rd-navbar.js Failed to load resource: the server responded with a status of 404 (Not Found)
camera.js Failed to load resource: the server responded with a status of 404 (Not Found)
jquery.fancybox.js Failed to load resource: the server responded with a status of 404 (Not Found)
jquery.fancybox-media.js Failed to load resource: the server responded with a status of 404 (Not Found)
jquery.fancybox-buttons.js Failed to load resource: the server responded with a status of 404 (Not Found)
scrollTo.js Failed to load resource: the server responded with a status of 404 (Not Found)
wow.js Failed to load resource: the server responded with a status of 404 (Not Found)
jquery.form.min.js Failed to load resource: the server responded with a status of 404 (Not Found)
jquery.rd-mailform.min.js Failed to load resource: the server responded with a status of 404 (Not Found)
jquery.mobile.customized.min.js Failed to load resource: the server responded with a status of 404 (Not Found)
camera.js Failed to load resource: the server responded with a status of 404 (Not Found)
jquery.fancybox.js Failed to load resource: the server responded with a status of 404 (Not Found)
jquery.fancybox-media.js Failed to load resource: the server responded with a status of 404 (Not Found)
jquery.fancybox-buttons.js Failed to load resource: the server responded with a status of 404 (Not Found)
scrollTo.js Failed to load resource: the server responded with a status of 404 (Not Found)
script.js:2 Uncaught TypeError: $(...).TMStickUp is not a function
    at HTMLDocument.<anonymous> (script.js:2)
    at j (jquery.js:1)
    at Object.fireWith [as resolveWith] (jquery.js:1)
    at Function.ready (jquery.js:1)
    at HTMLDocument.J (jquery.js:1)
